TRACK_TIME 1527529194.0

TRACK A1 B733 332603  1120041 130  11.346  280 ZOA ZOA46
    
FP_ROUTE PHX.IZZZO6.BLH..BOILE..LOSHN.DYAMD3.I28L.SFO


TRACK A2 B733 373638 1222286 130 0.114 28 ZOA ZOA46
    
FP_ROUTE KSFO.SSTIK3.LOSHN..BOILE..BLH.HYDRR1.I07R.KPHX



TRACK A3 B733 381300 1103400 424 330 38 ZLC ZLC46
    
FP_ROUTE LAS./.BLD050037..RWF.SKETR3.MSP/0907
   