A1 400
A2 420
A3 440